<?xml version="1.0" encoding="UTF-8"?>
<!-- Generated by org.testng.reporters.JUnitXMLReporter -->
<testsuite hostname="Sakunthalas-Air" ignored="0" name="Test" tests="2" failures="0" timestamp="26 Sep 2019 01:55:52 GMT" time="8.418" errors="0">
  <testcase name="@AfterMethod teardownMethod" time="0.358" classname="com.automation.pages.BaseClass">
    <failure type="java.lang.NullPointerException">
      <![CDATA[java.lang.NullPointerException
	at com.automation.pages.BaseClass.teardownMethod(BaseClass.java:76)
... Removed 27 stack frames]]>
    </failure>
  </testcase> <!-- @AfterMethod teardownMethod -->
  <testcase name="@AfterClass teardown" time="0.0" classname="com.automation.pages.BaseClass">
    <skipped/>
  </testcase> <!-- @AfterClass teardown -->
  <testcase name="FBLoginPageLogoTest" time="0.122" classname="com.automation.testcases.LoginTestCRM"/>
  <testcase name="LoginApp" time="0.0" classname="com.automation.testcases.LoginTestCRM">
    <skipped/>
  </testcase> <!-- LoginApp -->
</testsuite> <!-- Test -->
