<?xml version="1.0" encoding="UTF-8"?>
<!-- Generated by org.testng.reporters.JUnitXMLReporter -->
<testsuite hostname="Sakunthalas-Air" ignored="0" name="Default test" tests="3" failures="0" timestamp="26 Sep 2019 02:31:26 GMT" time="28.782" errors="0">
  <testcase name="FBLoginPageTitleTest" time="0.047" classname="com.automation.testcases.LoginTestCRM"/>
  <testcase name="FBLoginPageLogoTest" time="0.079" classname="com.automation.testcases.LoginTestCRM"/>
  <testcase name="LoginApp" time="12.38" classname="com.automation.testcases.LoginTestCRM"/>
</testsuite> <!-- Default test -->
