<?xml version="1.0" encoding="UTF-8"?>
<testng-results skipped="0" failed="0" ignored="0" total="1" passed="1">
  <reporter-output>
    <line>
      <![CDATA[Setting up reports and Test is getting ready ]]>
    </line>
    <line>
      <![CDATA[Setting done- reports and Test can be started]]>
    </line>
    <line>
      <![CDATA[Trying to start Browser and Getting applicaton ready ]]>
    </line>
    <line>
      <![CDATA[Browser and Application is up and running ]]>
    </line>
    <line>
      <![CDATA[Test is about to end ]]>
    </line>
    <line>
      <![CDATA[Test completed >>> Reports generated ]]>
    </line>
  </reporter-output>
  <suite name="Suite" duration-ms="14793" started-at="2019-09-23T03:50:30Z" finished-at="2019-09-23T03:50:44Z">
    <groups>
    </groups>
    <test name="Test" duration-ms="14793" started-at="2019-09-23T03:50:30Z" finished-at="2019-09-23T03:50:44Z">
      <class name="com.automation.testcases.LoginTestCRM">
        <test-method status="PASS" signature="setUpSuit()[pri:0, instance:com.automation.testcases.LoginTestCRM@28d25987]" name="setUpSuit" is-config="true" duration-ms="1380" started-at="2019-09-23T09:20:28Z" finished-at="2019-09-23T09:20:30Z">
          <reporter-output>
            <line>
              <![CDATA[Setting up reports and Test is getting ready ]]>
            </line>
            <line>
              <![CDATA[Setting done- reports and Test can be started]]>
            </line>
          </reporter-output>
        </test-method> <!-- setUpSuit -->
        <test-method status="PASS" signature="setup()[pri:0, instance:com.automation.testcases.LoginTestCRM@28d25987]" name="setup" is-config="true" duration-ms="5881" started-at="2019-09-23T09:20:30Z" finished-at="2019-09-23T09:20:36Z">
          <reporter-output>
            <line>
              <![CDATA[Trying to start Browser and Getting applicaton ready ]]>
            </line>
            <line>
              <![CDATA[Browser and Application is up and running ]]>
            </line>
          </reporter-output>
        </test-method> <!-- setup -->
        <test-method status="PASS" signature="LoginApp()[pri:0, instance:com.automation.testcases.LoginTestCRM@28d25987]" name="LoginApp" duration-ms="5938" started-at="2019-09-23T09:20:36Z" finished-at="2019-09-23T09:20:42Z">
          <reporter-output>
          </reporter-output>
        </test-method> <!-- LoginApp -->
        <test-method status="PASS" signature="teardownMethod(org.testng.ITestResult)[pri:0, instance:com.automation.testcases.LoginTestCRM@28d25987]" name="teardownMethod" is-config="true" duration-ms="812" started-at="2019-09-23T09:20:42Z" finished-at="2019-09-23T09:20:42Z">
          <params>
            <param index="0">
              <value>
                <![CDATA[[TestResult name=LoginApp status=SUCCESS method=LoginTestCRM.LoginApp()[pri:0, instance:com.automation.testcases.LoginTestCRM@28d25987] output={null}]]]>
              </value>
            </param>
          </params>
          <reporter-output>
            <line>
              <![CDATA[Test is about to end ]]>
            </line>
            <line>
              <![CDATA[Test completed >>> Reports generated ]]>
            </line>
          </reporter-output>
        </test-method> <!-- teardownMethod -->
        <test-method status="PASS" signature="teardown()[pri:0, instance:com.automation.testcases.LoginTestCRM@28d25987]" name="teardown" is-config="true" duration-ms="2135" started-at="2019-09-23T09:20:42Z" finished-at="2019-09-23T09:20:44Z">
          <reporter-output>
          </reporter-output>
        </test-method> <!-- teardown -->
      </class> <!-- com.automation.testcases.LoginTestCRM -->
    </test> <!-- Test -->
  </suite> <!-- Suite -->
</testng-results>
